<?xml version="1.0" encoding="UTF-8"?>
<!-- Generated by org.testng.reporters.JUnitReportReporter -->
<testsuite skipped="0" hostname="DESKTOP-A4DDHOU" name="org.task01.Task_01" tests="6" failures="0" timestamp="11 Mar 2024 13:28:00 GMT" time="250.908" errors="0">
  <testcase name="urlLaunch" time="41.933" classname="org.task01.Task_01"/>
  <testcase name="urlLaunch" time="37.044" classname="org.task01.Task_01"/>
  <testcase name="urlLaunch" time="44.079" classname="org.task01.Task_01"/>
  <testcase name="urlLaunch" time="25.189" classname="org.task01.Task_01"/>
  <testcase name="urlLaunch" time="38.084" classname="org.task01.Task_01"/>
  <testcase name="urlLaunch" time="64.579" classname="org.task01.Task_01"/>
</testsuite> <!-- org.task01.Task_01 -->
